<?xml version="1.0" encoding="utf-8" standalone="no"?>
<!--This file represents the results of running a test suite-->
<test-results name="Test.Beacons\bin\release\Test.Beacons.dll" total="33" errors="0" failures="0" not-run="0" inconclusive="0" ignored="0" skipped="0" invalid="0" date="2010-08-28" time="21:58:39">
  <environment nunit-version="2.5.7.10213" clr-version="2.0.50727.4927" os-version="Microsoft Windows NT 6.1.7600.0" platform="Win32NT" cwd="w:\code\CSharp\Beacons" machine-name="RHINY10" user="SuperUser" user-domain="RHINY10" />
  <culture-info current-culture="en-US" current-uiculture="en-US" />
  <test-suite type="Assembly" name="Test.Beacons\bin\release\Test.Beacons.dll" executed="True" result="Success" success="True" time="10.980" asserts="0">
    <results>
      <test-suite type="Namespace" name="ManiaX" executed="True" result="Success" success="True" time="10.932" asserts="0">
        <results>
          <test-suite type="Namespace" name="Test" executed="True" result="Success" success="True" time="10.917" asserts="0">
            <results>
              <test-suite type="Namespace" name="Beacons" executed="True" result="Success" success="True" time="10.913" asserts="0">
                <results>
                  <test-suite type="Namespace" name="IntegrationTests" executed="True" result="Success" success="True" time="6.025" asserts="0">
                    <results>
                      <test-suite type="TestFixture" name="TestCSVStateRepository" executed="True" result="Success" success="True" time="0.479" asserts="0">
                        <results>
                          <test-case name="ManiaX.Test.Beacons.IntegrationTests.TestCSVStateRepository.CanRetrieveAllStatesOnDemand" executed="True" result="Success" success="True" time="0.273" asserts="1" />
                          <test-case name="ManiaX.Test.Beacons.IntegrationTests.TestCSVStateRepository.CreatesNewLogFilesPerInstance" executed="True" result="Success" success="True" time="0.042" asserts="1" />
                          <test-case name="ManiaX.Test.Beacons.IntegrationTests.TestCSVStateRepository.LogsCodebaseTransitionsToCSVFile" executed="True" result="Success" success="True" time="0.021" asserts="2" />
                          <test-case name="ManiaX.Test.Beacons.IntegrationTests.TestCSVStateRepository.WillRetrieveEmptyListIfNoStateHasBeenPersistedYet" executed="True" result="Success" success="True" time="0.007" asserts="1" />
                        </results>
                      